INFO - 2024-04-20 01:26:55 --> Session: Class initialized using 'CodeIgniter\Session\Handlers\FileHandler' driver.
INFO - 2024-04-20 01:26:55 --> Session: Class initialized using 'CodeIgniter\Session\Handlers\FileHandler' driver.
INFO - 2024-04-20 01:26:58 --> Session: Class initialized using 'CodeIgniter\Session\Handlers\FileHandler' driver.
INFO - 2024-04-20 01:26:58 --> Session: Class initialized using 'CodeIgniter\Session\Handlers\FileHandler' driver.
INFO - 2024-04-20 01:27:01 --> Session: Class initialized using 'CodeIgniter\Session\Handlers\FileHandler' driver.
INFO - 2024-04-20 01:29:55 --> Session: Class initialized using 'CodeIgniter\Session\Handlers\FileHandler' driver.
INFO - 2024-04-20 01:36:28 --> Session: Class initialized using 'CodeIgniter\Session\Handlers\FileHandler' driver.
INFO - 2024-04-20 01:37:00 --> Session: Class initialized using 'CodeIgniter\Session\Handlers\FileHandler' driver.
INFO - 2024-04-20 01:55:34 --> Session: Class initialized using 'CodeIgniter\Session\Handlers\FileHandler' driver.
INFO - 2024-04-20 01:55:43 --> Session: Class initialized using 'CodeIgniter\Session\Handlers\FileHandler' driver.
INFO - 2024-04-20 01:56:20 --> Session: Class initialized using 'CodeIgniter\Session\Handlers\FileHandler' driver.
INFO - 2024-04-20 01:58:52 --> Session: Class initialized using 'CodeIgniter\Session\Handlers\FileHandler' driver.
INFO - 2024-04-20 01:59:01 --> Session: Class initialized using 'CodeIgniter\Session\Handlers\FileHandler' driver.
INFO - 2024-04-20 01:59:23 --> Session: Class initialized using 'CodeIgniter\Session\Handlers\FileHandler' driver.
INFO - 2024-04-20 02:01:21 --> Session: Class initialized using 'CodeIgniter\Session\Handlers\FileHandler' driver.
INFO - 2024-04-20 02:01:32 --> Session: Class initialized using 'CodeIgniter\Session\Handlers\FileHandler' driver.
INFO - 2024-04-20 02:02:56 --> Session: Class initialized using 'CodeIgniter\Session\Handlers\FileHandler' driver.
INFO - 2024-04-20 02:03:00 --> Session: Class initialized using 'CodeIgniter\Session\Handlers\FileHandler' driver.
INFO - 2024-04-20 02:05:56 --> Session: Class initialized using 'CodeIgniter\Session\Handlers\FileHandler' driver.
INFO - 2024-04-20 02:06:04 --> Session: Class initialized using 'CodeIgniter\Session\Handlers\FileHandler' driver.
INFO - 2024-04-20 02:06:19 --> Session: Class initialized using 'CodeIgniter\Session\Handlers\FileHandler' driver.
INFO - 2024-04-20 02:06:23 --> Session: Class initialized using 'CodeIgniter\Session\Handlers\FileHandler' driver.
INFO - 2024-04-20 02:06:26 --> Session: Class initialized using 'CodeIgniter\Session\Handlers\FileHandler' driver.
INFO - 2024-04-20 02:11:52 --> Session: Class initialized using 'CodeIgniter\Session\Handlers\FileHandler' driver.
INFO - 2024-04-20 02:11:57 --> Session: Class initialized using 'CodeIgniter\Session\Handlers\FileHandler' driver.
INFO - 2024-04-20 02:11:58 --> Session: Class initialized using 'CodeIgniter\Session\Handlers\FileHandler' driver.
INFO - 2024-04-20 02:12:04 --> Session: Class initialized using 'CodeIgniter\Session\Handlers\FileHandler' driver.
INFO - 2024-04-20 02:30:51 --> Session: Class initialized using 'CodeIgniter\Session\Handlers\FileHandler' driver.
INFO - 2024-04-20 02:31:30 --> Session: Class initialized using 'CodeIgniter\Session\Handlers\FileHandler' driver.
INFO - 2024-04-20 02:32:39 --> Session: Class initialized using 'CodeIgniter\Session\Handlers\FileHandler' driver.
INFO - 2024-04-20 02:32:42 --> Session: Class initialized using 'CodeIgniter\Session\Handlers\FileHandler' driver.
INFO - 2024-04-20 02:38:15 --> Session: Class initialized using 'CodeIgniter\Session\Handlers\FileHandler' driver.
INFO - 2024-04-20 02:38:34 --> Session: Class initialized using 'CodeIgniter\Session\Handlers\FileHandler' driver.
INFO - 2024-04-20 02:38:53 --> Session: Class initialized using 'CodeIgniter\Session\Handlers\FileHandler' driver.
INFO - 2024-04-20 02:38:56 --> Session: Class initialized using 'CodeIgniter\Session\Handlers\FileHandler' driver.
INFO - 2024-04-20 02:39:54 --> Session: Class initialized using 'CodeIgniter\Session\Handlers\FileHandler' driver.
INFO - 2024-04-20 02:39:57 --> Session: Class initialized using 'CodeIgniter\Session\Handlers\FileHandler' driver.
INFO - 2024-04-20 02:40:02 --> Session: Class initialized using 'CodeIgniter\Session\Handlers\FileHandler' driver.
INFO - 2024-04-20 02:40:06 --> Session: Class initialized using 'CodeIgniter\Session\Handlers\FileHandler' driver.
INFO - 2024-04-20 02:40:13 --> Session: Class initialized using 'CodeIgniter\Session\Handlers\FileHandler' driver.
INFO - 2024-04-20 02:40:19 --> Session: Class initialized using 'CodeIgniter\Session\Handlers\FileHandler' driver.
INFO - 2024-04-20 02:40:24 --> Session: Class initialized using 'CodeIgniter\Session\Handlers\FileHandler' driver.
INFO - 2024-04-20 02:40:34 --> Session: Class initialized using 'CodeIgniter\Session\Handlers\FileHandler' driver.
INFO - 2024-04-20 02:41:51 --> Session: Class initialized using 'CodeIgniter\Session\Handlers\FileHandler' driver.
INFO - 2024-04-20 02:41:56 --> Session: Class initialized using 'CodeIgniter\Session\Handlers\FileHandler' driver.
INFO - 2024-04-20 02:42:02 --> Session: Class initialized using 'CodeIgniter\Session\Handlers\FileHandler' driver.
INFO - 2024-04-20 02:42:14 --> Session: Class initialized using 'CodeIgniter\Session\Handlers\FileHandler' driver.
INFO - 2024-04-20 02:42:18 --> Session: Class initialized using 'CodeIgniter\Session\Handlers\FileHandler' driver.
INFO - 2024-04-20 02:49:08 --> Session: Class initialized using 'CodeIgniter\Session\Handlers\FileHandler' driver.
INFO - 2024-04-20 02:50:16 --> Session: Class initialized using 'CodeIgniter\Session\Handlers\FileHandler' driver.
INFO - 2024-04-20 02:50:18 --> Session: Class initialized using 'CodeIgniter\Session\Handlers\FileHandler' driver.
INFO - 2024-04-20 02:50:20 --> Session: Class initialized using 'CodeIgniter\Session\Handlers\FileHandler' driver.
INFO - 2024-04-20 02:50:23 --> Session: Class initialized using 'CodeIgniter\Session\Handlers\FileHandler' driver.
INFO - 2024-04-20 02:50:25 --> Session: Class initialized using 'CodeIgniter\Session\Handlers\FileHandler' driver.
INFO - 2024-04-20 02:51:09 --> Session: Class initialized using 'CodeIgniter\Session\Handlers\FileHandler' driver.
INFO - 2024-04-20 02:51:12 --> Session: Class initialized using 'CodeIgniter\Session\Handlers\FileHandler' driver.
INFO - 2024-04-20 02:51:49 --> Session: Class initialized using 'CodeIgniter\Session\Handlers\FileHandler' driver.
INFO - 2024-04-20 02:51:51 --> Session: Class initialized using 'CodeIgniter\Session\Handlers\FileHandler' driver.
INFO - 2024-04-20 02:51:56 --> Session: Class initialized using 'CodeIgniter\Session\Handlers\FileHandler' driver.
INFO - 2024-04-20 02:52:04 --> Session: Class initialized using 'CodeIgniter\Session\Handlers\FileHandler' driver.
INFO - 2024-04-20 02:57:45 --> Session: Class initialized using 'CodeIgniter\Session\Handlers\FileHandler' driver.
INFO - 2024-04-20 02:57:51 --> Session: Class initialized using 'CodeIgniter\Session\Handlers\FileHandler' driver.
INFO - 2024-04-20 02:58:02 --> Session: Class initialized using 'CodeIgniter\Session\Handlers\FileHandler' driver.
INFO - 2024-04-20 02:58:24 --> Session: Class initialized using 'CodeIgniter\Session\Handlers\FileHandler' driver.
INFO - 2024-04-20 02:58:35 --> Session: Class initialized using 'CodeIgniter\Session\Handlers\FileHandler' driver.
INFO - 2024-04-20 02:58:45 --> Session: Class initialized using 'CodeIgniter\Session\Handlers\FileHandler' driver.
INFO - 2024-04-20 02:59:15 --> Session: Class initialized using 'CodeIgniter\Session\Handlers\FileHandler' driver.
INFO - 2024-04-20 02:59:39 --> Session: Class initialized using 'CodeIgniter\Session\Handlers\FileHandler' driver.
INFO - 2024-04-20 02:59:42 --> Session: Class initialized using 'CodeIgniter\Session\Handlers\FileHandler' driver.
INFO - 2024-04-20 02:59:43 --> Session: Class initialized using 'CodeIgniter\Session\Handlers\FileHandler' driver.
INFO - 2024-04-20 02:59:46 --> Session: Class initialized using 'CodeIgniter\Session\Handlers\FileHandler' driver.
INFO - 2024-04-20 03:00:01 --> Session: Class initialized using 'CodeIgniter\Session\Handlers\FileHandler' driver.
INFO - 2024-04-20 03:00:05 --> Session: Class initialized using 'CodeIgniter\Session\Handlers\FileHandler' driver.
INFO - 2024-04-20 03:00:38 --> Session: Class initialized using 'CodeIgniter\Session\Handlers\FileHandler' driver.
INFO - 2024-04-20 03:00:52 --> Session: Class initialized using 'CodeIgniter\Session\Handlers\FileHandler' driver.
INFO - 2024-04-20 03:00:54 --> Session: Class initialized using 'CodeIgniter\Session\Handlers\FileHandler' driver.
INFO - 2024-04-20 03:00:56 --> Session: Class initialized using 'CodeIgniter\Session\Handlers\FileHandler' driver.
INFO - 2024-04-20 03:01:02 --> Session: Class initialized using 'CodeIgniter\Session\Handlers\FileHandler' driver.
INFO - 2024-04-20 04:08:30 --> Session: Class initialized using 'CodeIgniter\Session\Handlers\FileHandler' driver.
INFO - 2024-04-20 04:08:34 --> Session: Class initialized using 'CodeIgniter\Session\Handlers\FileHandler' driver.
INFO - 2024-04-20 04:08:45 --> Session: Class initialized using 'CodeIgniter\Session\Handlers\FileHandler' driver.
INFO - 2024-04-20 04:14:51 --> Session: Class initialized using 'CodeIgniter\Session\Handlers\FileHandler' driver.
INFO - 2024-04-20 04:14:52 --> Session: Class initialized using 'CodeIgniter\Session\Handlers\FileHandler' driver.
INFO - 2024-04-20 04:14:54 --> Session: Class initialized using 'CodeIgniter\Session\Handlers\FileHandler' driver.
ERROR - 2024-04-20 04:14:54 --> mysqli_sql_exception: Unknown column 'id_agenda' in 'where clause' in C:\xampp\htdocs\websitegereja-ci4\system\Database\MySQLi\Connection.php:308
Stack trace:
#0 C:\xampp\htdocs\websitegereja-ci4\system\Database\MySQLi\Connection.php(308): mysqli->query('UPDATE `tbl_set...', 0)
#1 C:\xampp\htdocs\websitegereja-ci4\system\Database\BaseConnection.php(721): CodeIgniter\Database\MySQLi\Connection->execute('UPDATE `tbl_set...')
#2 C:\xampp\htdocs\websitegereja-ci4\system\Database\BaseConnection.php(635): CodeIgniter\Database\BaseConnection->simpleQuery('UPDATE `tbl_set...')
#3 C:\xampp\htdocs\websitegereja-ci4\system\Database\BaseBuilder.php(2497): CodeIgniter\Database\BaseConnection->query('UPDATE `tbl_set...', Array, false)
#4 C:\xampp\htdocs\websitegereja-ci4\app\Models\ModelAdmin.php(20): CodeIgniter\Database\BaseBuilder->update(Array)
#5 C:\xampp\htdocs\websitegereja-ci4\app\Controllers\Admin.php(45): App\Models\ModelAdmin->updateSetting(Array)
#6 C:\xampp\htdocs\websitegereja-ci4\system\CodeIgniter.php(933): App\Controllers\Admin->UpdateSetting()
#7 C:\xampp\htdocs\websitegereja-ci4\system\CodeIgniter.php(509): CodeIgniter\CodeIgniter->runController(Object(App\Controllers\Admin))
#8 C:\xampp\htdocs\websitegereja-ci4\system\CodeIgniter.php(355): CodeIgniter\CodeIgniter->handleRequest(NULL, Object(Config\Cache), false)
#9 C:\xampp\htdocs\websitegereja-ci4\system\Boot.php(312): CodeIgniter\CodeIgniter->run()
#10 C:\xampp\htdocs\websitegereja-ci4\system\Boot.php(67): CodeIgniter\Boot::runCodeIgniter(Object(CodeIgniter\CodeIgniter))
#11 C:\xampp\htdocs\websitegereja-ci4\public\index.php(56): CodeIgniter\Boot::bootWeb(Object(Config\Paths))
#12 {main}
CRITICAL - 2024-04-20 04:14:54 --> CodeIgniter\Database\Exceptions\DatabaseException: Unknown column 'id_agenda' in 'where clause'
[Method: POST, Route: Admin/UpdateSetting]
in SYSTEMPATH\Database\BaseConnection.php on line 675.
 1 SYSTEMPATH\Database\BaseBuilder.php(2497): CodeIgniter\Database\BaseConnection->query('UPDATE `tbl_setting` SET `id` = :id:, `nama_gereja` = :nama_gereja:, `kecamatan` = :kecamatan:, `alamat` = :alamat:
WHERE `id_agenda` = :id_agenda:', [...], false)
 2 APPPATH\Models\ModelAdmin.php(20): CodeIgniter\Database\BaseBuilder->update([...])
 3 APPPATH\Controllers\Admin.php(45): App\Models\ModelAdmin->updateSetting([...])
 4 SYSTEMPATH\CodeIgniter.php(933): App\Controllers\Admin->UpdateSetting()
 5 SYSTEMPATH\CodeIgniter.php(509): CodeIgniter\CodeIgniter->runController(Object(App\Controllers\Admin))
 6 SYSTEMPATH\CodeIgniter.php(355): CodeIgniter\CodeIgniter->handleRequest(null, Object(Config\Cache), false)
 7 SYSTEMPATH\Boot.php(312): CodeIgniter\CodeIgniter->run()
 8 SYSTEMPATH\Boot.php(67): CodeIgniter\Boot::runCodeIgniter(Object(CodeIgniter\CodeIgniter))
 9 FCPATH\index.php(56): CodeIgniter\Boot::bootWeb(Object(Config\Paths))
CRITICAL - 2024-04-20 04:14:54 --> [Caused by] CodeIgniter\Database\Exceptions\DatabaseException: Unknown column 'id_agenda' in 'where clause'
in SYSTEMPATH\Database\MySQLi\Connection.php on line 313.
 1 SYSTEMPATH\Database\BaseConnection.php(721): CodeIgniter\Database\MySQLi\Connection->execute('UPDATE `tbl_setting` SET `id` = 1, `nama_gereja` = \'HKBP EBENEZER Silaen\', `kecamatan` = \'Lumban Dolok\', `alamat` = \'Lumban Dolok\'
WHERE `id_agenda` = 1')
 2 SYSTEMPATH\Database\BaseConnection.php(635): CodeIgniter\Database\BaseConnection->simpleQuery('UPDATE `tbl_setting` SET `id` = 1, `nama_gereja` = \'HKBP EBENEZER Silaen\', `kecamatan` = \'Lumban Dolok\', `alamat` = \'Lumban Dolok\'
WHERE `id_agenda` = 1')
 3 SYSTEMPATH\Database\BaseBuilder.php(2497): CodeIgniter\Database\BaseConnection->query('UPDATE `tbl_setting` SET `id` = :id:, `nama_gereja` = :nama_gereja:, `kecamatan` = :kecamatan:, `alamat` = :alamat:
WHERE `id_agenda` = :id_agenda:', [...], false)
 4 APPPATH\Models\ModelAdmin.php(20): CodeIgniter\Database\BaseBuilder->update([...])
 5 APPPATH\Controllers\Admin.php(45): App\Models\ModelAdmin->updateSetting([...])
 6 SYSTEMPATH\CodeIgniter.php(933): App\Controllers\Admin->UpdateSetting()
 7 SYSTEMPATH\CodeIgniter.php(509): CodeIgniter\CodeIgniter->runController(Object(App\Controllers\Admin))
 8 SYSTEMPATH\CodeIgniter.php(355): CodeIgniter\CodeIgniter->handleRequest(null, Object(Config\Cache), false)
 9 SYSTEMPATH\Boot.php(312): CodeIgniter\CodeIgniter->run()
10 SYSTEMPATH\Boot.php(67): CodeIgniter\Boot::runCodeIgniter(Object(CodeIgniter\CodeIgniter))
11 FCPATH\index.php(56): CodeIgniter\Boot::bootWeb(Object(Config\Paths))
CRITICAL - 2024-04-20 04:14:54 --> [Caused by] mysqli_sql_exception: Unknown column 'id_agenda' in 'where clause'
in SYSTEMPATH\Database\MySQLi\Connection.php on line 308.
 1 SYSTEMPATH\Database\MySQLi\Connection.php(308): mysqli->query('UPDATE `tbl_setting` SET `id` = 1, `nama_gereja` = \'HKBP EBENEZER Silaen\', `kecamatan` = \'Lumban Dolok\', `alamat` = \'Lumban Dolok\'
WHERE `id_agenda` = 1', 0)
 2 SYSTEMPATH\Database\BaseConnection.php(721): CodeIgniter\Database\MySQLi\Connection->execute('UPDATE `tbl_setting` SET `id` = 1, `nama_gereja` = \'HKBP EBENEZER Silaen\', `kecamatan` = \'Lumban Dolok\', `alamat` = \'Lumban Dolok\'
WHERE `id_agenda` = 1')
 3 SYSTEMPATH\Database\BaseConnection.php(635): CodeIgniter\Database\BaseConnection->simpleQuery('UPDATE `tbl_setting` SET `id` = 1, `nama_gereja` = \'HKBP EBENEZER Silaen\', `kecamatan` = \'Lumban Dolok\', `alamat` = \'Lumban Dolok\'
WHERE `id_agenda` = 1')
 4 SYSTEMPATH\Database\BaseBuilder.php(2497): CodeIgniter\Database\BaseConnection->query('UPDATE `tbl_setting` SET `id` = :id:, `nama_gereja` = :nama_gereja:, `kecamatan` = :kecamatan:, `alamat` = :alamat:
WHERE `id_agenda` = :id_agenda:', [...], false)
 5 APPPATH\Models\ModelAdmin.php(20): CodeIgniter\Database\BaseBuilder->update([...])
 6 APPPATH\Controllers\Admin.php(45): App\Models\ModelAdmin->updateSetting([...])
 7 SYSTEMPATH\CodeIgniter.php(933): App\Controllers\Admin->UpdateSetting()
 8 SYSTEMPATH\CodeIgniter.php(509): CodeIgniter\CodeIgniter->runController(Object(App\Controllers\Admin))
 9 SYSTEMPATH\CodeIgniter.php(355): CodeIgniter\CodeIgniter->handleRequest(null, Object(Config\Cache), false)
10 SYSTEMPATH\Boot.php(312): CodeIgniter\CodeIgniter->run()
11 SYSTEMPATH\Boot.php(67): CodeIgniter\Boot::runCodeIgniter(Object(CodeIgniter\CodeIgniter))
12 FCPATH\index.php(56): CodeIgniter\Boot::bootWeb(Object(Config\Paths))
INFO - 2024-04-20 04:15:52 --> Session: Class initialized using 'CodeIgniter\Session\Handlers\FileHandler' driver.
ERROR - 2024-04-20 04:15:52 --> mysqli_sql_exception: Unknown column 'id_agenda' in 'where clause' in C:\xampp\htdocs\websitegereja-ci4\system\Database\MySQLi\Connection.php:308
Stack trace:
#0 C:\xampp\htdocs\websitegereja-ci4\system\Database\MySQLi\Connection.php(308): mysqli->query('UPDATE `tbl_set...', 0)
#1 C:\xampp\htdocs\websitegereja-ci4\system\Database\BaseConnection.php(721): CodeIgniter\Database\MySQLi\Connection->execute('UPDATE `tbl_set...')
#2 C:\xampp\htdocs\websitegereja-ci4\system\Database\BaseConnection.php(635): CodeIgniter\Database\BaseConnection->simpleQuery('UPDATE `tbl_set...')
#3 C:\xampp\htdocs\websitegereja-ci4\system\Database\BaseBuilder.php(2497): CodeIgniter\Database\BaseConnection->query('UPDATE `tbl_set...', Array, false)
#4 C:\xampp\htdocs\websitegereja-ci4\app\Models\ModelAdmin.php(20): CodeIgniter\Database\BaseBuilder->update(Array)
#5 C:\xampp\htdocs\websitegereja-ci4\app\Controllers\Admin.php(45): App\Models\ModelAdmin->updateSetting(Array)
#6 C:\xampp\htdocs\websitegereja-ci4\system\CodeIgniter.php(933): App\Controllers\Admin->UpdateSetting()
#7 C:\xampp\htdocs\websitegereja-ci4\system\CodeIgniter.php(509): CodeIgniter\CodeIgniter->runController(Object(App\Controllers\Admin))
#8 C:\xampp\htdocs\websitegereja-ci4\system\CodeIgniter.php(355): CodeIgniter\CodeIgniter->handleRequest(NULL, Object(Config\Cache), false)
#9 C:\xampp\htdocs\websitegereja-ci4\system\Boot.php(312): CodeIgniter\CodeIgniter->run()
#10 C:\xampp\htdocs\websitegereja-ci4\system\Boot.php(67): CodeIgniter\Boot::runCodeIgniter(Object(CodeIgniter\CodeIgniter))
#11 C:\xampp\htdocs\websitegereja-ci4\public\index.php(56): CodeIgniter\Boot::bootWeb(Object(Config\Paths))
#12 {main}
CRITICAL - 2024-04-20 04:15:53 --> CodeIgniter\Database\Exceptions\DatabaseException: Unknown column 'id_agenda' in 'where clause'
[Method: GET, Route: Admin/UpdateSetting]
in SYSTEMPATH\Database\BaseConnection.php on line 675.
 1 SYSTEMPATH\Database\BaseBuilder.php(2497): CodeIgniter\Database\BaseConnection->query('UPDATE `tbl_setting` SET `id` = :id:, `nama_gereja` = :nama_gereja:, `kecamatan` = :kecamatan:, `alamat` = :alamat:
WHERE `id_agenda` = :id_agenda:', [...], false)
 2 APPPATH\Models\ModelAdmin.php(20): CodeIgniter\Database\BaseBuilder->update([...])
 3 APPPATH\Controllers\Admin.php(45): App\Models\ModelAdmin->updateSetting([...])
 4 SYSTEMPATH\CodeIgniter.php(933): App\Controllers\Admin->UpdateSetting()
 5 SYSTEMPATH\CodeIgniter.php(509): CodeIgniter\CodeIgniter->runController(Object(App\Controllers\Admin))
 6 SYSTEMPATH\CodeIgniter.php(355): CodeIgniter\CodeIgniter->handleRequest(null, Object(Config\Cache), false)
 7 SYSTEMPATH\Boot.php(312): CodeIgniter\CodeIgniter->run()
 8 SYSTEMPATH\Boot.php(67): CodeIgniter\Boot::runCodeIgniter(Object(CodeIgniter\CodeIgniter))
 9 FCPATH\index.php(56): CodeIgniter\Boot::bootWeb(Object(Config\Paths))
CRITICAL - 2024-04-20 04:15:53 --> [Caused by] CodeIgniter\Database\Exceptions\DatabaseException: Unknown column 'id_agenda' in 'where clause'
in SYSTEMPATH\Database\MySQLi\Connection.php on line 313.
 1 SYSTEMPATH\Database\BaseConnection.php(721): CodeIgniter\Database\MySQLi\Connection->execute('UPDATE `tbl_setting` SET `id` = 1, `nama_gereja` = NULL, `kecamatan` = NULL, `alamat` = NULL
WHERE `id_agenda` = 1')
 2 SYSTEMPATH\Database\BaseConnection.php(635): CodeIgniter\Database\BaseConnection->simpleQuery('UPDATE `tbl_setting` SET `id` = 1, `nama_gereja` = NULL, `kecamatan` = NULL, `alamat` = NULL
WHERE `id_agenda` = 1')
 3 SYSTEMPATH\Database\BaseBuilder.php(2497): CodeIgniter\Database\BaseConnection->query('UPDATE `tbl_setting` SET `id` = :id:, `nama_gereja` = :nama_gereja:, `kecamatan` = :kecamatan:, `alamat` = :alamat:
WHERE `id_agenda` = :id_agenda:', [...], false)
 4 APPPATH\Models\ModelAdmin.php(20): CodeIgniter\Database\BaseBuilder->update([...])
 5 APPPATH\Controllers\Admin.php(45): App\Models\ModelAdmin->updateSetting([...])
 6 SYSTEMPATH\CodeIgniter.php(933): App\Controllers\Admin->UpdateSetting()
 7 SYSTEMPATH\CodeIgniter.php(509): CodeIgniter\CodeIgniter->runController(Object(App\Controllers\Admin))
 8 SYSTEMPATH\CodeIgniter.php(355): CodeIgniter\CodeIgniter->handleRequest(null, Object(Config\Cache), false)
 9 SYSTEMPATH\Boot.php(312): CodeIgniter\CodeIgniter->run()
10 SYSTEMPATH\Boot.php(67): CodeIgniter\Boot::runCodeIgniter(Object(CodeIgniter\CodeIgniter))
11 FCPATH\index.php(56): CodeIgniter\Boot::bootWeb(Object(Config\Paths))
CRITICAL - 2024-04-20 04:15:53 --> [Caused by] mysqli_sql_exception: Unknown column 'id_agenda' in 'where clause'
in SYSTEMPATH\Database\MySQLi\Connection.php on line 308.
 1 SYSTEMPATH\Database\MySQLi\Connection.php(308): mysqli->query('UPDATE `tbl_setting` SET `id` = 1, `nama_gereja` = NULL, `kecamatan` = NULL, `alamat` = NULL
WHERE `id_agenda` = 1', 0)
 2 SYSTEMPATH\Database\BaseConnection.php(721): CodeIgniter\Database\MySQLi\Connection->execute('UPDATE `tbl_setting` SET `id` = 1, `nama_gereja` = NULL, `kecamatan` = NULL, `alamat` = NULL
WHERE `id_agenda` = 1')
 3 SYSTEMPATH\Database\BaseConnection.php(635): CodeIgniter\Database\BaseConnection->simpleQuery('UPDATE `tbl_setting` SET `id` = 1, `nama_gereja` = NULL, `kecamatan` = NULL, `alamat` = NULL
WHERE `id_agenda` = 1')
 4 SYSTEMPATH\Database\BaseBuilder.php(2497): CodeIgniter\Database\BaseConnection->query('UPDATE `tbl_setting` SET `id` = :id:, `nama_gereja` = :nama_gereja:, `kecamatan` = :kecamatan:, `alamat` = :alamat:
WHERE `id_agenda` = :id_agenda:', [...], false)
 5 APPPATH\Models\ModelAdmin.php(20): CodeIgniter\Database\BaseBuilder->update([...])
 6 APPPATH\Controllers\Admin.php(45): App\Models\ModelAdmin->updateSetting([...])
 7 SYSTEMPATH\CodeIgniter.php(933): App\Controllers\Admin->UpdateSetting()
 8 SYSTEMPATH\CodeIgniter.php(509): CodeIgniter\CodeIgniter->runController(Object(App\Controllers\Admin))
 9 SYSTEMPATH\CodeIgniter.php(355): CodeIgniter\CodeIgniter->handleRequest(null, Object(Config\Cache), false)
10 SYSTEMPATH\Boot.php(312): CodeIgniter\CodeIgniter->run()
11 SYSTEMPATH\Boot.php(67): CodeIgniter\Boot::runCodeIgniter(Object(CodeIgniter\CodeIgniter))
12 FCPATH\index.php(56): CodeIgniter\Boot::bootWeb(Object(Config\Paths))
INFO - 2024-04-20 04:20:17 --> Session: Class initialized using 'CodeIgniter\Session\Handlers\FileHandler' driver.
ERROR - 2024-04-20 04:20:17 --> mysqli_sql_exception: Unknown column 'id_agenda' in 'where clause' in C:\xampp\htdocs\websitegereja-ci4\system\Database\MySQLi\Connection.php:308
Stack trace:
#0 C:\xampp\htdocs\websitegereja-ci4\system\Database\MySQLi\Connection.php(308): mysqli->query('UPDATE `tbl_set...', 0)
#1 C:\xampp\htdocs\websitegereja-ci4\system\Database\BaseConnection.php(721): CodeIgniter\Database\MySQLi\Connection->execute('UPDATE `tbl_set...')
#2 C:\xampp\htdocs\websitegereja-ci4\system\Database\BaseConnection.php(635): CodeIgniter\Database\BaseConnection->simpleQuery('UPDATE `tbl_set...')
#3 C:\xampp\htdocs\websitegereja-ci4\system\Database\BaseBuilder.php(2497): CodeIgniter\Database\BaseConnection->query('UPDATE `tbl_set...', Array, false)
#4 C:\xampp\htdocs\websitegereja-ci4\app\Models\ModelAdmin.php(20): CodeIgniter\Database\BaseBuilder->update(Array)
#5 C:\xampp\htdocs\websitegereja-ci4\app\Controllers\Admin.php(45): App\Models\ModelAdmin->UpdateSetting(Array)
#6 C:\xampp\htdocs\websitegereja-ci4\system\CodeIgniter.php(933): App\Controllers\Admin->UpdateSetting()
#7 C:\xampp\htdocs\websitegereja-ci4\system\CodeIgniter.php(509): CodeIgniter\CodeIgniter->runController(Object(App\Controllers\Admin))
#8 C:\xampp\htdocs\websitegereja-ci4\system\CodeIgniter.php(355): CodeIgniter\CodeIgniter->handleRequest(NULL, Object(Config\Cache), false)
#9 C:\xampp\htdocs\websitegereja-ci4\system\Boot.php(312): CodeIgniter\CodeIgniter->run()
#10 C:\xampp\htdocs\websitegereja-ci4\system\Boot.php(67): CodeIgniter\Boot::runCodeIgniter(Object(CodeIgniter\CodeIgniter))
#11 C:\xampp\htdocs\websitegereja-ci4\public\index.php(56): CodeIgniter\Boot::bootWeb(Object(Config\Paths))
#12 {main}
CRITICAL - 2024-04-20 04:20:17 --> CodeIgniter\Database\Exceptions\DatabaseException: Unknown column 'id_agenda' in 'where clause'
[Method: GET, Route: Admin/UpdateSetting]
in SYSTEMPATH\Database\BaseConnection.php on line 675.
 1 SYSTEMPATH\Database\BaseBuilder.php(2497): CodeIgniter\Database\BaseConnection->query('UPDATE `tbl_setting` SET `id` = :id:, `nama_gereja` = :nama_gereja:, `kecamatan` = :kecamatan:, `alamat` = :alamat:
WHERE `id_agenda` = :id_agenda:', [...], false)
 2 APPPATH\Models\ModelAdmin.php(20): CodeIgniter\Database\BaseBuilder->update([...])
 3 APPPATH\Controllers\Admin.php(45): App\Models\ModelAdmin->UpdateSetting([...])
 4 SYSTEMPATH\CodeIgniter.php(933): App\Controllers\Admin->UpdateSetting()
 5 SYSTEMPATH\CodeIgniter.php(509): CodeIgniter\CodeIgniter->runController(Object(App\Controllers\Admin))
 6 SYSTEMPATH\CodeIgniter.php(355): CodeIgniter\CodeIgniter->handleRequest(null, Object(Config\Cache), false)
 7 SYSTEMPATH\Boot.php(312): CodeIgniter\CodeIgniter->run()
 8 SYSTEMPATH\Boot.php(67): CodeIgniter\Boot::runCodeIgniter(Object(CodeIgniter\CodeIgniter))
 9 FCPATH\index.php(56): CodeIgniter\Boot::bootWeb(Object(Config\Paths))
CRITICAL - 2024-04-20 04:20:17 --> [Caused by] CodeIgniter\Database\Exceptions\DatabaseException: Unknown column 'id_agenda' in 'where clause'
in SYSTEMPATH\Database\MySQLi\Connection.php on line 313.
 1 SYSTEMPATH\Database\BaseConnection.php(721): CodeIgniter\Database\MySQLi\Connection->execute('UPDATE `tbl_setting` SET `id` = 1, `nama_gereja` = NULL, `kecamatan` = NULL, `alamat` = NULL
WHERE `id_agenda` = 1')
 2 SYSTEMPATH\Database\BaseConnection.php(635): CodeIgniter\Database\BaseConnection->simpleQuery('UPDATE `tbl_setting` SET `id` = 1, `nama_gereja` = NULL, `kecamatan` = NULL, `alamat` = NULL
WHERE `id_agenda` = 1')
 3 SYSTEMPATH\Database\BaseBuilder.php(2497): CodeIgniter\Database\BaseConnection->query('UPDATE `tbl_setting` SET `id` = :id:, `nama_gereja` = :nama_gereja:, `kecamatan` = :kecamatan:, `alamat` = :alamat:
WHERE `id_agenda` = :id_agenda:', [...], false)
 4 APPPATH\Models\ModelAdmin.php(20): CodeIgniter\Database\BaseBuilder->update([...])
 5 APPPATH\Controllers\Admin.php(45): App\Models\ModelAdmin->UpdateSetting([...])
 6 SYSTEMPATH\CodeIgniter.php(933): App\Controllers\Admin->UpdateSetting()
 7 SYSTEMPATH\CodeIgniter.php(509): CodeIgniter\CodeIgniter->runController(Object(App\Controllers\Admin))
 8 SYSTEMPATH\CodeIgniter.php(355): CodeIgniter\CodeIgniter->handleRequest(null, Object(Config\Cache), false)
 9 SYSTEMPATH\Boot.php(312): CodeIgniter\CodeIgniter->run()
10 SYSTEMPATH\Boot.php(67): CodeIgniter\Boot::runCodeIgniter(Object(CodeIgniter\CodeIgniter))
11 FCPATH\index.php(56): CodeIgniter\Boot::bootWeb(Object(Config\Paths))
CRITICAL - 2024-04-20 04:20:17 --> [Caused by] mysqli_sql_exception: Unknown column 'id_agenda' in 'where clause'
in SYSTEMPATH\Database\MySQLi\Connection.php on line 308.
 1 SYSTEMPATH\Database\MySQLi\Connection.php(308): mysqli->query('UPDATE `tbl_setting` SET `id` = 1, `nama_gereja` = NULL, `kecamatan` = NULL, `alamat` = NULL
WHERE `id_agenda` = 1', 0)
 2 SYSTEMPATH\Database\BaseConnection.php(721): CodeIgniter\Database\MySQLi\Connection->execute('UPDATE `tbl_setting` SET `id` = 1, `nama_gereja` = NULL, `kecamatan` = NULL, `alamat` = NULL
WHERE `id_agenda` = 1')
 3 SYSTEMPATH\Database\BaseConnection.php(635): CodeIgniter\Database\BaseConnection->simpleQuery('UPDATE `tbl_setting` SET `id` = 1, `nama_gereja` = NULL, `kecamatan` = NULL, `alamat` = NULL
WHERE `id_agenda` = 1')
 4 SYSTEMPATH\Database\BaseBuilder.php(2497): CodeIgniter\Database\BaseConnection->query('UPDATE `tbl_setting` SET `id` = :id:, `nama_gereja` = :nama_gereja:, `kecamatan` = :kecamatan:, `alamat` = :alamat:
WHERE `id_agenda` = :id_agenda:', [...], false)
 5 APPPATH\Models\ModelAdmin.php(20): CodeIgniter\Database\BaseBuilder->update([...])
 6 APPPATH\Controllers\Admin.php(45): App\Models\ModelAdmin->UpdateSetting([...])
 7 SYSTEMPATH\CodeIgniter.php(933): App\Controllers\Admin->UpdateSetting()
 8 SYSTEMPATH\CodeIgniter.php(509): CodeIgniter\CodeIgniter->runController(Object(App\Controllers\Admin))
 9 SYSTEMPATH\CodeIgniter.php(355): CodeIgniter\CodeIgniter->handleRequest(null, Object(Config\Cache), false)
10 SYSTEMPATH\Boot.php(312): CodeIgniter\CodeIgniter->run()
11 SYSTEMPATH\Boot.php(67): CodeIgniter\Boot::runCodeIgniter(Object(CodeIgniter\CodeIgniter))
12 FCPATH\index.php(56): CodeIgniter\Boot::bootWeb(Object(Config\Paths))
INFO - 2024-04-20 04:20:19 --> Session: Class initialized using 'CodeIgniter\Session\Handlers\FileHandler' driver.
ERROR - 2024-04-20 04:20:19 --> mysqli_sql_exception: Unknown column 'id_agenda' in 'where clause' in C:\xampp\htdocs\websitegereja-ci4\system\Database\MySQLi\Connection.php:308
Stack trace:
#0 C:\xampp\htdocs\websitegereja-ci4\system\Database\MySQLi\Connection.php(308): mysqli->query('UPDATE `tbl_set...', 0)
#1 C:\xampp\htdocs\websitegereja-ci4\system\Database\BaseConnection.php(721): CodeIgniter\Database\MySQLi\Connection->execute('UPDATE `tbl_set...')
#2 C:\xampp\htdocs\websitegereja-ci4\system\Database\BaseConnection.php(635): CodeIgniter\Database\BaseConnection->simpleQuery('UPDATE `tbl_set...')
#3 C:\xampp\htdocs\websitegereja-ci4\system\Database\BaseBuilder.php(2497): CodeIgniter\Database\BaseConnection->query('UPDATE `tbl_set...', Array, false)
#4 C:\xampp\htdocs\websitegereja-ci4\app\Models\ModelAdmin.php(20): CodeIgniter\Database\BaseBuilder->update(Array)
#5 C:\xampp\htdocs\websitegereja-ci4\app\Controllers\Admin.php(45): App\Models\ModelAdmin->UpdateSetting(Array)
#6 C:\xampp\htdocs\websitegereja-ci4\system\CodeIgniter.php(933): App\Controllers\Admin->UpdateSetting()
#7 C:\xampp\htdocs\websitegereja-ci4\system\CodeIgniter.php(509): CodeIgniter\CodeIgniter->runController(Object(App\Controllers\Admin))
#8 C:\xampp\htdocs\websitegereja-ci4\system\CodeIgniter.php(355): CodeIgniter\CodeIgniter->handleRequest(NULL, Object(Config\Cache), false)
#9 C:\xampp\htdocs\websitegereja-ci4\system\Boot.php(312): CodeIgniter\CodeIgniter->run()
#10 C:\xampp\htdocs\websitegereja-ci4\system\Boot.php(67): CodeIgniter\Boot::runCodeIgniter(Object(CodeIgniter\CodeIgniter))
#11 C:\xampp\htdocs\websitegereja-ci4\public\index.php(56): CodeIgniter\Boot::bootWeb(Object(Config\Paths))
#12 {main}
CRITICAL - 2024-04-20 04:20:19 --> CodeIgniter\Database\Exceptions\DatabaseException: Unknown column 'id_agenda' in 'where clause'
[Method: GET, Route: Admin/UpdateSetting]
in SYSTEMPATH\Database\BaseConnection.php on line 675.
 1 SYSTEMPATH\Database\BaseBuilder.php(2497): CodeIgniter\Database\BaseConnection->query('UPDATE `tbl_setting` SET `id` = :id:, `nama_gereja` = :nama_gereja:, `kecamatan` = :kecamatan:, `alamat` = :alamat:
WHERE `id_agenda` = :id_agenda:', [...], false)
 2 APPPATH\Models\ModelAdmin.php(20): CodeIgniter\Database\BaseBuilder->update([...])
 3 APPPATH\Controllers\Admin.php(45): App\Models\ModelAdmin->UpdateSetting([...])
 4 SYSTEMPATH\CodeIgniter.php(933): App\Controllers\Admin->UpdateSetting()
 5 SYSTEMPATH\CodeIgniter.php(509): CodeIgniter\CodeIgniter->runController(Object(App\Controllers\Admin))
 6 SYSTEMPATH\CodeIgniter.php(355): CodeIgniter\CodeIgniter->handleRequest(null, Object(Config\Cache), false)
 7 SYSTEMPATH\Boot.php(312): CodeIgniter\CodeIgniter->run()
 8 SYSTEMPATH\Boot.php(67): CodeIgniter\Boot::runCodeIgniter(Object(CodeIgniter\CodeIgniter))
 9 FCPATH\index.php(56): CodeIgniter\Boot::bootWeb(Object(Config\Paths))
CRITICAL - 2024-04-20 04:20:19 --> [Caused by] CodeIgniter\Database\Exceptions\DatabaseException: Unknown column 'id_agenda' in 'where clause'
in SYSTEMPATH\Database\MySQLi\Connection.php on line 313.
 1 SYSTEMPATH\Database\BaseConnection.php(721): CodeIgniter\Database\MySQLi\Connection->execute('UPDATE `tbl_setting` SET `id` = 1, `nama_gereja` = NULL, `kecamatan` = NULL, `alamat` = NULL
WHERE `id_agenda` = 1')
 2 SYSTEMPATH\Database\BaseConnection.php(635): CodeIgniter\Database\BaseConnection->simpleQuery('UPDATE `tbl_setting` SET `id` = 1, `nama_gereja` = NULL, `kecamatan` = NULL, `alamat` = NULL
WHERE `id_agenda` = 1')
 3 SYSTEMPATH\Database\BaseBuilder.php(2497): CodeIgniter\Database\BaseConnection->query('UPDATE `tbl_setting` SET `id` = :id:, `nama_gereja` = :nama_gereja:, `kecamatan` = :kecamatan:, `alamat` = :alamat:
WHERE `id_agenda` = :id_agenda:', [...], false)
 4 APPPATH\Models\ModelAdmin.php(20): CodeIgniter\Database\BaseBuilder->update([...])
 5 APPPATH\Controllers\Admin.php(45): App\Models\ModelAdmin->UpdateSetting([...])
 6 SYSTEMPATH\CodeIgniter.php(933): App\Controllers\Admin->UpdateSetting()
 7 SYSTEMPATH\CodeIgniter.php(509): CodeIgniter\CodeIgniter->runController(Object(App\Controllers\Admin))
 8 SYSTEMPATH\CodeIgniter.php(355): CodeIgniter\CodeIgniter->handleRequest(null, Object(Config\Cache), false)
 9 SYSTEMPATH\Boot.php(312): CodeIgniter\CodeIgniter->run()
10 SYSTEMPATH\Boot.php(67): CodeIgniter\Boot::runCodeIgniter(Object(CodeIgniter\CodeIgniter))
11 FCPATH\index.php(56): CodeIgniter\Boot::bootWeb(Object(Config\Paths))
CRITICAL - 2024-04-20 04:20:19 --> [Caused by] mysqli_sql_exception: Unknown column 'id_agenda' in 'where clause'
in SYSTEMPATH\Database\MySQLi\Connection.php on line 308.
 1 SYSTEMPATH\Database\MySQLi\Connection.php(308): mysqli->query('UPDATE `tbl_setting` SET `id` = 1, `nama_gereja` = NULL, `kecamatan` = NULL, `alamat` = NULL
WHERE `id_agenda` = 1', 0)
 2 SYSTEMPATH\Database\BaseConnection.php(721): CodeIgniter\Database\MySQLi\Connection->execute('UPDATE `tbl_setting` SET `id` = 1, `nama_gereja` = NULL, `kecamatan` = NULL, `alamat` = NULL
WHERE `id_agenda` = 1')
 3 SYSTEMPATH\Database\BaseConnection.php(635): CodeIgniter\Database\BaseConnection->simpleQuery('UPDATE `tbl_setting` SET `id` = 1, `nama_gereja` = NULL, `kecamatan` = NULL, `alamat` = NULL
WHERE `id_agenda` = 1')
 4 SYSTEMPATH\Database\BaseBuilder.php(2497): CodeIgniter\Database\BaseConnection->query('UPDATE `tbl_setting` SET `id` = :id:, `nama_gereja` = :nama_gereja:, `kecamatan` = :kecamatan:, `alamat` = :alamat:
WHERE `id_agenda` = :id_agenda:', [...], false)
 5 APPPATH\Models\ModelAdmin.php(20): CodeIgniter\Database\BaseBuilder->update([...])
 6 APPPATH\Controllers\Admin.php(45): App\Models\ModelAdmin->UpdateSetting([...])
 7 SYSTEMPATH\CodeIgniter.php(933): App\Controllers\Admin->UpdateSetting()
 8 SYSTEMPATH\CodeIgniter.php(509): CodeIgniter\CodeIgniter->runController(Object(App\Controllers\Admin))
 9 SYSTEMPATH\CodeIgniter.php(355): CodeIgniter\CodeIgniter->handleRequest(null, Object(Config\Cache), false)
10 SYSTEMPATH\Boot.php(312): CodeIgniter\CodeIgniter->run()
11 SYSTEMPATH\Boot.php(67): CodeIgniter\Boot::runCodeIgniter(Object(CodeIgniter\CodeIgniter))
12 FCPATH\index.php(56): CodeIgniter\Boot::bootWeb(Object(Config\Paths))
INFO - 2024-04-20 04:20:20 --> Session: Class initialized using 'CodeIgniter\Session\Handlers\FileHandler' driver.
ERROR - 2024-04-20 04:20:20 --> mysqli_sql_exception: Unknown column 'id_agenda' in 'where clause' in C:\xampp\htdocs\websitegereja-ci4\system\Database\MySQLi\Connection.php:308
Stack trace:
#0 C:\xampp\htdocs\websitegereja-ci4\system\Database\MySQLi\Connection.php(308): mysqli->query('UPDATE `tbl_set...', 0)
#1 C:\xampp\htdocs\websitegereja-ci4\system\Database\BaseConnection.php(721): CodeIgniter\Database\MySQLi\Connection->execute('UPDATE `tbl_set...')
#2 C:\xampp\htdocs\websitegereja-ci4\system\Database\BaseConnection.php(635): CodeIgniter\Database\BaseConnection->simpleQuery('UPDATE `tbl_set...')
#3 C:\xampp\htdocs\websitegereja-ci4\system\Database\BaseBuilder.php(2497): CodeIgniter\Database\BaseConnection->query('UPDATE `tbl_set...', Array, false)
#4 C:\xampp\htdocs\websitegereja-ci4\app\Models\ModelAdmin.php(20): CodeIgniter\Database\BaseBuilder->update(Array)
#5 C:\xampp\htdocs\websitegereja-ci4\app\Controllers\Admin.php(45): App\Models\ModelAdmin->UpdateSetting(Array)
#6 C:\xampp\htdocs\websitegereja-ci4\system\CodeIgniter.php(933): App\Controllers\Admin->UpdateSetting()
#7 C:\xampp\htdocs\websitegereja-ci4\system\CodeIgniter.php(509): CodeIgniter\CodeIgniter->runController(Object(App\Controllers\Admin))
#8 C:\xampp\htdocs\websitegereja-ci4\system\CodeIgniter.php(355): CodeIgniter\CodeIgniter->handleRequest(NULL, Object(Config\Cache), false)
#9 C:\xampp\htdocs\websitegereja-ci4\system\Boot.php(312): CodeIgniter\CodeIgniter->run()
#10 C:\xampp\htdocs\websitegereja-ci4\system\Boot.php(67): CodeIgniter\Boot::runCodeIgniter(Object(CodeIgniter\CodeIgniter))
#11 C:\xampp\htdocs\websitegereja-ci4\public\index.php(56): CodeIgniter\Boot::bootWeb(Object(Config\Paths))
#12 {main}
CRITICAL - 2024-04-20 04:20:20 --> CodeIgniter\Database\Exceptions\DatabaseException: Unknown column 'id_agenda' in 'where clause'
[Method: GET, Route: Admin/UpdateSetting]
in SYSTEMPATH\Database\BaseConnection.php on line 675.
 1 SYSTEMPATH\Database\BaseBuilder.php(2497): CodeIgniter\Database\BaseConnection->query('UPDATE `tbl_setting` SET `id` = :id:, `nama_gereja` = :nama_gereja:, `kecamatan` = :kecamatan:, `alamat` = :alamat:
WHERE `id_agenda` = :id_agenda:', [...], false)
 2 APPPATH\Models\ModelAdmin.php(20): CodeIgniter\Database\BaseBuilder->update([...])
 3 APPPATH\Controllers\Admin.php(45): App\Models\ModelAdmin->UpdateSetting([...])
 4 SYSTEMPATH\CodeIgniter.php(933): App\Controllers\Admin->UpdateSetting()
 5 SYSTEMPATH\CodeIgniter.php(509): CodeIgniter\CodeIgniter->runController(Object(App\Controllers\Admin))
 6 SYSTEMPATH\CodeIgniter.php(355): CodeIgniter\CodeIgniter->handleRequest(null, Object(Config\Cache), false)
 7 SYSTEMPATH\Boot.php(312): CodeIgniter\CodeIgniter->run()
 8 SYSTEMPATH\Boot.php(67): CodeIgniter\Boot::runCodeIgniter(Object(CodeIgniter\CodeIgniter))
 9 FCPATH\index.php(56): CodeIgniter\Boot::bootWeb(Object(Config\Paths))
CRITICAL - 2024-04-20 04:20:20 --> [Caused by] CodeIgniter\Database\Exceptions\DatabaseException: Unknown column 'id_agenda' in 'where clause'
in SYSTEMPATH\Database\MySQLi\Connection.php on line 313.
 1 SYSTEMPATH\Database\BaseConnection.php(721): CodeIgniter\Database\MySQLi\Connection->execute('UPDATE `tbl_setting` SET `id` = 1, `nama_gereja` = NULL, `kecamatan` = NULL, `alamat` = NULL
WHERE `id_agenda` = 1')
 2 SYSTEMPATH\Database\BaseConnection.php(635): CodeIgniter\Database\BaseConnection->simpleQuery('UPDATE `tbl_setting` SET `id` = 1, `nama_gereja` = NULL, `kecamatan` = NULL, `alamat` = NULL
WHERE `id_agenda` = 1')
 3 SYSTEMPATH\Database\BaseBuilder.php(2497): CodeIgniter\Database\BaseConnection->query('UPDATE `tbl_setting` SET `id` = :id:, `nama_gereja` = :nama_gereja:, `kecamatan` = :kecamatan:, `alamat` = :alamat:
WHERE `id_agenda` = :id_agenda:', [...], false)
 4 APPPATH\Models\ModelAdmin.php(20): CodeIgniter\Database\BaseBuilder->update([...])
 5 APPPATH\Controllers\Admin.php(45): App\Models\ModelAdmin->UpdateSetting([...])
 6 SYSTEMPATH\CodeIgniter.php(933): App\Controllers\Admin->UpdateSetting()
 7 SYSTEMPATH\CodeIgniter.php(509): CodeIgniter\CodeIgniter->runController(Object(App\Controllers\Admin))
 8 SYSTEMPATH\CodeIgniter.php(355): CodeIgniter\CodeIgniter->handleRequest(null, Object(Config\Cache), false)
 9 SYSTEMPATH\Boot.php(312): CodeIgniter\CodeIgniter->run()
10 SYSTEMPATH\Boot.php(67): CodeIgniter\Boot::runCodeIgniter(Object(CodeIgniter\CodeIgniter))
11 FCPATH\index.php(56): CodeIgniter\Boot::bootWeb(Object(Config\Paths))
CRITICAL - 2024-04-20 04:20:20 --> [Caused by] mysqli_sql_exception: Unknown column 'id_agenda' in 'where clause'
in SYSTEMPATH\Database\MySQLi\Connection.php on line 308.
 1 SYSTEMPATH\Database\MySQLi\Connection.php(308): mysqli->query('UPDATE `tbl_setting` SET `id` = 1, `nama_gereja` = NULL, `kecamatan` = NULL, `alamat` = NULL
WHERE `id_agenda` = 1', 0)
 2 SYSTEMPATH\Database\BaseConnection.php(721): CodeIgniter\Database\MySQLi\Connection->execute('UPDATE `tbl_setting` SET `id` = 1, `nama_gereja` = NULL, `kecamatan` = NULL, `alamat` = NULL
WHERE `id_agenda` = 1')
 3 SYSTEMPATH\Database\BaseConnection.php(635): CodeIgniter\Database\BaseConnection->simpleQuery('UPDATE `tbl_setting` SET `id` = 1, `nama_gereja` = NULL, `kecamatan` = NULL, `alamat` = NULL
WHERE `id_agenda` = 1')
 4 SYSTEMPATH\Database\BaseBuilder.php(2497): CodeIgniter\Database\BaseConnection->query('UPDATE `tbl_setting` SET `id` = :id:, `nama_gereja` = :nama_gereja:, `kecamatan` = :kecamatan:, `alamat` = :alamat:
WHERE `id_agenda` = :id_agenda:', [...], false)
 5 APPPATH\Models\ModelAdmin.php(20): CodeIgniter\Database\BaseBuilder->update([...])
 6 APPPATH\Controllers\Admin.php(45): App\Models\ModelAdmin->UpdateSetting([...])
 7 SYSTEMPATH\CodeIgniter.php(933): App\Controllers\Admin->UpdateSetting()
 8 SYSTEMPATH\CodeIgniter.php(509): CodeIgniter\CodeIgniter->runController(Object(App\Controllers\Admin))
 9 SYSTEMPATH\CodeIgniter.php(355): CodeIgniter\CodeIgniter->handleRequest(null, Object(Config\Cache), false)
10 SYSTEMPATH\Boot.php(312): CodeIgniter\CodeIgniter->run()
11 SYSTEMPATH\Boot.php(67): CodeIgniter\Boot::runCodeIgniter(Object(CodeIgniter\CodeIgniter))
12 FCPATH\index.php(56): CodeIgniter\Boot::bootWeb(Object(Config\Paths))
INFO - 2024-04-20 04:22:04 --> Session: Class initialized using 'CodeIgniter\Session\Handlers\FileHandler' driver.
INFO - 2024-04-20 04:22:05 --> Session: Class initialized using 'CodeIgniter\Session\Handlers\FileHandler' driver.
INFO - 2024-04-20 04:22:31 --> Session: Class initialized using 'CodeIgniter\Session\Handlers\FileHandler' driver.
INFO - 2024-04-20 04:22:31 --> Session: Class initialized using 'CodeIgniter\Session\Handlers\FileHandler' driver.
INFO - 2024-04-20 04:22:34 --> Session: Class initialized using 'CodeIgniter\Session\Handlers\FileHandler' driver.
INFO - 2024-04-20 04:22:37 --> Session: Class initialized using 'CodeIgniter\Session\Handlers\FileHandler' driver.
INFO - 2024-04-20 04:22:37 --> Session: Class initialized using 'CodeIgniter\Session\Handlers\FileHandler' driver.
INFO - 2024-04-20 04:22:41 --> Session: Class initialized using 'CodeIgniter\Session\Handlers\FileHandler' driver.
INFO - 2024-04-20 04:22:43 --> Session: Class initialized using 'CodeIgniter\Session\Handlers\FileHandler' driver.
INFO - 2024-04-20 04:22:47 --> Session: Class initialized using 'CodeIgniter\Session\Handlers\FileHandler' driver.
INFO - 2024-04-20 04:22:49 --> Session: Class initialized using 'CodeIgniter\Session\Handlers\FileHandler' driver.
INFO - 2024-04-20 04:22:56 --> Session: Class initialized using 'CodeIgniter\Session\Handlers\FileHandler' driver.
INFO - 2024-04-20 04:23:05 --> Session: Class initialized using 'CodeIgniter\Session\Handlers\FileHandler' driver.
INFO - 2024-04-20 07:07:41 --> Session: Class initialized using 'CodeIgniter\Session\Handlers\FileHandler' driver.
INFO - 2024-04-20 07:07:41 --> Session: Class initialized using 'CodeIgniter\Session\Handlers\FileHandler' driver.
INFO - 2024-04-20 07:07:56 --> Session: Class initialized using 'CodeIgniter\Session\Handlers\FileHandler' driver.
INFO - 2024-04-20 07:07:56 --> Session: Class initialized using 'CodeIgniter\Session\Handlers\FileHandler' driver.
INFO - 2024-04-20 07:07:59 --> Session: Class initialized using 'CodeIgniter\Session\Handlers\FileHandler' driver.
INFO - 2024-04-20 07:08:01 --> Session: Class initialized using 'CodeIgniter\Session\Handlers\FileHandler' driver.
INFO - 2024-04-20 07:08:18 --> Session: Class initialized using 'CodeIgniter\Session\Handlers\FileHandler' driver.
INFO - 2024-04-20 07:08:22 --> Session: Class initialized using 'CodeIgniter\Session\Handlers\FileHandler' driver.
INFO - 2024-04-20 07:08:28 --> Session: Class initialized using 'CodeIgniter\Session\Handlers\FileHandler' driver.
INFO - 2024-04-20 07:08:31 --> Session: Class initialized using 'CodeIgniter\Session\Handlers\FileHandler' driver.
INFO - 2024-04-20 07:08:32 --> Session: Class initialized using 'CodeIgniter\Session\Handlers\FileHandler' driver.
INFO - 2024-04-20 07:09:22 --> Session: Class initialized using 'CodeIgniter\Session\Handlers\FileHandler' driver.
INFO - 2024-04-20 07:09:34 --> Session: Class initialized using 'CodeIgniter\Session\Handlers\FileHandler' driver.
INFO - 2024-04-20 07:09:40 --> Session: Class initialized using 'CodeIgniter\Session\Handlers\FileHandler' driver.
INFO - 2024-04-20 07:16:51 --> Session: Class initialized using 'CodeIgniter\Session\Handlers\FileHandler' driver.
INFO - 2024-04-20 07:16:54 --> Session: Class initialized using 'CodeIgniter\Session\Handlers\FileHandler' driver.
